<?xml version="1.0" encoding="UTF-8"?>
<!-- Generated by org.testng.reporters.JUnitXMLReporter -->
<testsuite hostname="Bheemesh-Desktop" ignored="4" name="Free makemytrip App Test Cases" tests="9" failures="2" timestamp="27 Jan 2020 17:16:38 GMT" time="192.837" errors="0">
  <testcase name="loginCheck_ValidUserDetails" time="7.947" classname="com.makemytrip.qa.testcases.Login_Page_Test">
    <failure type="org.openqa.selenium.NoSuchElementException" message="no such element: Unable to locate element: {&amp;quot;method&amp;quot;:&amp;quot;css selector&amp;quot;,&amp;quot;selector&amp;quot;:&amp;quot;#password&amp;quot;}
  (Session info: chrome=79.0.3945.130)
For documentation on this error, please visit: http://seleniumhq.org/exceptions/no_such_element.html
Build info: version: &amp;apos;3.14.0&amp;apos;, revision: &amp;apos;aacccce0&amp;apos;, time: &amp;apos;2018-08-02T20:19:58.91Z&amp;apos;
System info: host: &amp;apos;BHEEMESH-DESKTO&amp;apos;, ip: &amp;apos;192.168.1.2&amp;apos;, os.name: &amp;apos;Windows 10&amp;apos;, os.arch: &amp;apos;amd64&amp;apos;, os.version: &amp;apos;10.0&amp;apos;, java.version: &amp;apos;1.8.0_231&amp;apos;
Driver info: org.openqa.selenium.chrome.ChromeDriver
Capabilities {acceptInsecureCerts: false, browserName: chrome, browserVersion: 79.0.3945.130, chrome: {chromedriverVersion: 78.0.3904.70 (edb9c9f3de024..., userDataDir: C:\Users\91970\AppData\Loca...}, goog:chromeOptions: {debuggerAddress: localhost:54791}, javascriptEnabled: true, networkConnectionEnabled: false, pageLoadStrategy: normal, platform: XP, platformName: XP, proxy: Proxy(), setWindowRect: true, strictFileInteractability: false, timeouts: {implicit: 0, pageLoad: 300000, script: 30000}, unhandledPromptBehavior: dismiss and notify}
Session ID: f3f05aca695a7b64119e1f49a233e130
*** Element info: {Using=id, value=password}">
      <![CDATA[org.openqa.selenium.NoSuchElementException: no such element: Unable to locate element: {"method":"css selector","selector":"#password"}
  (Session info: chrome=79.0.3945.130)
For documentation on this error, please visit: http://seleniumhq.org/exceptions/no_such_element.html
Build info: version: '3.14.0', revision: 'aacccce0', time: '2018-08-02T20:19:58.91Z'
System info: host: 'BHEEMESH-DESKTO', ip: '192.168.1.2', os.name: 'Windows 10', os.arch: 'amd64', os.version: '10.0', java.version: '1.8.0_231'
Driver info: org.openqa.selenium.chrome.ChromeDriver
Capabilities {acceptInsecureCerts: false, browserName: chrome, browserVersion: 79.0.3945.130, chrome: {chromedriverVersion: 78.0.3904.70 (edb9c9f3de024..., userDataDir: C:\Users\91970\AppData\Loca...}, goog:chromeOptions: {debuggerAddress: localhost:54791}, javascriptEnabled: true, networkConnectionEnabled: false, pageLoadStrategy: normal, platform: XP, platformName: XP, proxy: Proxy(), setWindowRect: true, strictFileInteractability: false, timeouts: {implicit: 0, pageLoad: 300000, script: 30000}, unhandledPromptBehavior: dismiss and notify}
Session ID: f3f05aca695a7b64119e1f49a233e130
*** Element info: {Using=id, value=password}
	at org.openqa.selenium.remote.http.W3CHttpResponseCodec.createException(W3CHttpResponseCodec.java:187)
	at org.openqa.selenium.remote.http.W3CHttpResponseCodec.decode(W3CHttpResponseCodec.java:122)
	at org.openqa.selenium.remote.http.W3CHttpResponseCodec.decode(W3CHttpResponseCodec.java:49)
	at org.openqa.selenium.remote.HttpCommandExecutor.execute(HttpCommandExecutor.java:158)
	at org.openqa.selenium.remote.service.DriverCommandExecutor.execute(DriverCommandExecutor.java:83)
	at org.openqa.selenium.remote.RemoteWebDriver.execute(RemoteWebDriver.java:548)
	at org.openqa.selenium.remote.RemoteWebDriver.findElement(RemoteWebDriver.java:322)
	at org.openqa.selenium.remote.RemoteWebDriver.findElementById(RemoteWebDriver.java:368)
	at org.openqa.selenium.By$ById.findElement(By.java:188)
	at org.openqa.selenium.remote.RemoteWebDriver.findElement(RemoteWebDriver.java:314)
	at org.openqa.selenium.support.pagefactory.DefaultElementLocator.findElement(DefaultElementLocator.java:69)
	at org.openqa.selenium.support.pagefactory.internal.LocatingElementHandler.invoke(LocatingElementHandler.java:38)
	at com.sun.proxy.$Proxy11.sendKeys(Unknown Source)
	at com.makemytrip.qa.pages.Login_Page.loginMakeMyTrip(Login_Page.java:58)
	at com.makemytrip.qa.testcases.Login_Page_Test.loginCheck_ValidUserDetails(Login_Page_Test.java:49)
... Removed 29 stack frames]]>
    </failure>
  </testcase> <!-- loginCheck_ValidUserDetails -->
  <testcase name="navFilightsPage" time="2.297" classname="com.makemytrip.qa.testcases.Flights_Page_Test"/>
  <testcase name="navHotelsPage" time="1.702" classname="com.makemytrip.qa.testcases.Hotels_Page_Test"/>
  <testcase name="navHolidaysPage" time="0.836" classname="com.makemytrip.qa.testcases.Holidays_Page_Test"/>
  <testcase name="navVillasPage" time="1.208" classname="com.makemytrip.qa.testcases.Villas_Apt_Page_Test"/>
  <testcase name="searchSpecificHotel" time="12.428" classname="com.makemytrip.qa.testcases.Hotels_Page_Test"/>
  <testcase name="searchSpecificFlight" time="35.125" classname="com.makemytrip.qa.testcases.Flights_Page_Test">
    <failure type="org.openqa.selenium.NoSuchElementException" message="no such element: Unable to locate element: {&amp;quot;method&amp;quot;:&amp;quot;xpath&amp;quot;,&amp;quot;selector&amp;quot;:&amp;quot;(//*[@class=&amp;apos;booking_summary_wrap&amp;apos;]//following::div)[3]&amp;quot;}
  (Session info: chrome=79.0.3945.130)
For documentation on this error, please visit: http://seleniumhq.org/exceptions/no_such_element.html
Build info: version: &amp;apos;3.14.0&amp;apos;, revision: &amp;apos;aacccce0&amp;apos;, time: &amp;apos;2018-08-02T20:19:58.91Z&amp;apos;
System info: host: &amp;apos;BHEEMESH-DESKTO&amp;apos;, ip: &amp;apos;192.168.1.2&amp;apos;, os.name: &amp;apos;Windows 10&amp;apos;, os.arch: &amp;apos;amd64&amp;apos;, os.version: &amp;apos;10.0&amp;apos;, java.version: &amp;apos;1.8.0_231&amp;apos;
Driver info: org.openqa.selenium.chrome.ChromeDriver
Capabilities {acceptInsecureCerts: false, browserName: chrome, browserVersion: 79.0.3945.130, chrome: {chromedriverVersion: 78.0.3904.70 (edb9c9f3de024..., userDataDir: C:\Users\91970\AppData\Loca...}, goog:chromeOptions: {debuggerAddress: localhost:55148}, javascriptEnabled: true, networkConnectionEnabled: false, pageLoadStrategy: normal, platform: XP, platformName: XP, proxy: Proxy(), setWindowRect: true, strictFileInteractability: false, timeouts: {implicit: 0, pageLoad: 300000, script: 30000}, unhandledPromptBehavior: dismiss and notify}
Session ID: c023534e46bd0ce923b83d877fbba533
*** Element info: {Using=xpath, value=(//*[@class=&amp;apos;booking_summary_wrap&amp;apos;]//following::div)[3]}">
      <![CDATA[org.openqa.selenium.NoSuchElementException: no such element: Unable to locate element: {"method":"xpath","selector":"(//*[@class='booking_summary_wrap']//following::div)[3]"}
  (Session info: chrome=79.0.3945.130)
For documentation on this error, please visit: http://seleniumhq.org/exceptions/no_such_element.html
Build info: version: '3.14.0', revision: 'aacccce0', time: '2018-08-02T20:19:58.91Z'
System info: host: 'BHEEMESH-DESKTO', ip: '192.168.1.2', os.name: 'Windows 10', os.arch: 'amd64', os.version: '10.0', java.version: '1.8.0_231'
Driver info: org.openqa.selenium.chrome.ChromeDriver
Capabilities {acceptInsecureCerts: false, browserName: chrome, browserVersion: 79.0.3945.130, chrome: {chromedriverVersion: 78.0.3904.70 (edb9c9f3de024..., userDataDir: C:\Users\91970\AppData\Loca...}, goog:chromeOptions: {debuggerAddress: localhost:55148}, javascriptEnabled: true, networkConnectionEnabled: false, pageLoadStrategy: normal, platform: XP, platformName: XP, proxy: Proxy(), setWindowRect: true, strictFileInteractability: false, timeouts: {implicit: 0, pageLoad: 300000, script: 30000}, unhandledPromptBehavior: dismiss and notify}
Session ID: c023534e46bd0ce923b83d877fbba533
*** Element info: {Using=xpath, value=(//*[@class='booking_summary_wrap']//following::div)[3]}
	at org.openqa.selenium.remote.http.W3CHttpResponseCodec.createException(W3CHttpResponseCodec.java:187)
	at org.openqa.selenium.remote.http.W3CHttpResponseCodec.decode(W3CHttpResponseCodec.java:122)
	at org.openqa.selenium.remote.http.W3CHttpResponseCodec.decode(W3CHttpResponseCodec.java:49)
	at org.openqa.selenium.remote.HttpCommandExecutor.execute(HttpCommandExecutor.java:158)
	at org.openqa.selenium.remote.service.DriverCommandExecutor.execute(DriverCommandExecutor.java:83)
	at org.openqa.selenium.remote.RemoteWebDriver.execute(RemoteWebDriver.java:548)
	at org.openqa.selenium.remote.RemoteWebDriver.findElement(RemoteWebDriver.java:322)
	at org.openqa.selenium.remote.RemoteWebDriver.findElementByXPath(RemoteWebDriver.java:424)
	at org.openqa.selenium.By$ByXPath.findElement(By.java:353)
	at org.openqa.selenium.remote.RemoteWebDriver.findElement(RemoteWebDriver.java:314)
	at org.openqa.selenium.support.pagefactory.DefaultElementLocator.findElement(DefaultElementLocator.java:69)
	at org.openqa.selenium.support.pagefactory.internal.LocatingElementHandler.invoke(LocatingElementHandler.java:38)
	at com.sun.proxy.$Proxy11.getScreenshotAs(Unknown Source)
	at com.makemytrip.qa.util.TestUtil.takeScreenshotAtEndOfTest(TestUtil.java:64)
	at com.makemytrip.qa.pages.Flights_Page.searchFlight(Flights_Page.java:196)
	at com.makemytrip.qa.testcases.Flights_Page_Test.searchSpecificFlight(Flights_Page_Test.java:51)
... Removed 29 stack frames]]>
    </failure>
  </testcase> <!-- searchSpecificFlight -->
  <testcase name="searchSpecificFlight" time="34.065" classname="com.makemytrip.qa.testcases.Flights_Page_Test"/>
  <testcase name="searchSpecificFlight" time="38.919" classname="com.makemytrip.qa.testcases.Flights_Page_Test"/>
  <testcase name="loginCheck_InvalidPassword" time="0.0" classname="com.makemytrip.qa.testcases.Login_Page_Test">
    <ignored/>
  </testcase> <!-- loginCheck_InvalidPassword -->
  <testcase name="loginCheck_BlankPassword" time="0.0" classname="com.makemytrip.qa.testcases.Login_Page_Test">
    <ignored/>
  </testcase> <!-- loginCheck_BlankPassword -->
  <testcase name="loginCheck_InvalidUserName" time="0.0" classname="com.makemytrip.qa.testcases.Login_Page_Test">
    <ignored/>
  </testcase> <!-- loginCheck_InvalidUserName -->
  <testcase name="loginCheck_BlankUserName" time="0.0" classname="com.makemytrip.qa.testcases.Login_Page_Test">
    <ignored/>
  </testcase> <!-- loginCheck_BlankUserName -->
</testsuite> <!-- Free makemytrip App Test Cases -->
